<?xml version="1.0" encoding="UTF-8"?>
<!-- Generated by org.testng.reporters.JUnitReportReporter -->
<testsuite hostname="SEZLP657" failures="0" tests="3" name="main.ExecutionClass" time="28.008" errors="0" timestamp="2022-07-18T14:18:04 IST" skipped="0">
  <testcase classname="main.ExecutionClass" name="TS_SDIR_017" time="9.001"/>
  <system-out/>
  <testcase classname="main.ExecutionClass" name="TS_SDIR_016" time="9.606"/>
  <system-out/>
  <testcase classname="main.ExecutionClass" name="TS_SDIR_019" time="9.401"/>
  <system-out/>
</testsuite> <!-- main.ExecutionClass -->
