<?xml version="1.0" encoding="UTF-8"?>
<!-- Generated by org.testng.reporters.JUnitReportReporter -->
<testsuite hostname="SEZLP657" failures="0" tests="2" name="AppPages.HomPage" time="0.003" errors="0" timestamp="2022-07-14T02:53:09 IST" skipped="0">
  <testcase classname="AppPages.HomPage" name="test" time="0.001"/>
  <system-out/>
  <testcase classname="AppPages.HomPage" name="test1" time="0.002"/>
  <system-out/>
</testsuite> <!-- AppPages.HomPage -->
