<?xml version="1.0" encoding="UTF-8"?>
<!-- Generated by org.testng.reporters.JUnitReportReporter -->
<testsuite hostname="SEZLP657" failures="0" tests="2" name="main.ExecutionClass" time="26.530" errors="0" timestamp="2022-08-10T15:33:43 IST" skipped="0">
  <testcase classname="main.ExecutionClass" name="TS_SDIR_016" time="15.982"/>
  <system-out/>
  <testcase classname="main.ExecutionClass" name="TC_SDIR_001" time="10.548"/>
  <system-out/>
</testsuite> <!-- main.ExecutionClass -->
