<?xml version="1.0" encoding="UTF-8"?>
<!-- Generated by org.testng.reporters.JUnitReportReporter -->
<testsuite hostname="SEZLP657" failures="0" tests="1" name="resusable.BaseClass" time="0.009" errors="0" timestamp="2022-07-14T02:31:48 IST" skipped="0">
  <testcase classname="resusable.BaseClass" name="test1" time="0.009"/>
  <system-out/>
</testsuite> <!-- resusable.BaseClass -->
